[2026-05-21 13:58:28] local.ERROR: The C:\Users\marco.antonio\Desktop\saas\shortener\backend\bootstrap\cache directory must be present and writable. {"exception":"[object] (Exception(code: 0): The C:\\Users\\marco.antonio\\Desktop\\saas\\shortener\\backend\\bootstrap\\cache directory must be present and writable. at C:/Users/marco.antonio/Desktop/saas/shortener/backend/vendor/laravel/framework/src/Illuminate/Foundation/PackageManifest.php:179)
[stacktrace]
#0 C:/Users/marco.antonio/Desktop/saas/shortener/backend/vendor/laravel/framework/src/Illuminate/Foundation/PackageManifest.php(132): Illuminate/Foundation/PackageManifest->write()
#1 C:/Users/marco.antonio/Desktop/saas/shortener/backend/vendor/laravel/framework/src/Illuminate/Foundation/PackageManifest.php(108): Illuminate/Foundation/PackageManifest->build()
#2 C:/Users/marco.antonio/Desktop/saas/shortener/backend/vendor/laravel/framework/src/Illuminate/Foundation/PackageManifest.php(91): Illuminate/Foundation/PackageManifest->getManifest()
#3 C:/Users/marco.antonio/Desktop/saas/shortener/backend/vendor/laravel/framework/src/Illuminate/Foundation/PackageManifest.php(80): Illuminate/Foundation/PackageManifest->config()
#4 C:/Users/marco.antonio/Desktop/saas/shortener/backend/vendor/laravel/framework/src/Illuminate/Foundation/Bootstrap/RegisterFacades.php(26): Illuminate/Foundation/PackageManifest->aliases()
#5 C:/Users/marco.antonio/Desktop/saas/shortener/backend/vendor/laravel/framework/src/Illuminate/Foundation/Application.php(342): Illuminate/Foundation/Bootstrap/RegisterFacades->bootstrap()
#6 C:/Users/marco.antonio/Desktop/saas/shortener/backend/vendor/laravel/framework/src/Illuminate/Foundation/Console/Kernel.php(474): Illuminate/Foundation/Application->bootstrapWith()
#7 C:/Users/marco.antonio/Desktop/saas/shortener/backend/vendor/laravel/framework/src/Illuminate/Foundation/Console/Kernel.php(196): Illuminate/Foundation/Console/Kernel->bootstrap()
#8 C:/Users/marco.antonio/Desktop/saas/shortener/backend/vendor/laravel/framework/src/Illuminate/Foundation/Application.php(1235): Illuminate/Foundation/Console/Kernel->handle()
#9 C:/Users/marco.antonio/Desktop/saas/shortener/backend/artisan(13): Illuminate/Foundation/Application->handleCommand()
#10 {main}
"} 
[2026-05-21 15:07:49] local.ERROR: Command "tinker" is not defined. {"exception":"[object] (Symfony\\Component\\Console\\Exception\\CommandNotFoundException(code: 0): Command \"tinker\" is not defined. at C:/Users/marco.antonio/Desktop/saas/shortener/backend/vendor/symfony/console/Application.php:759)
[stacktrace]
#0 C:/Users/marco.antonio/Desktop/saas/shortener/backend/vendor/symfony/console/Application.php(298): Symfony/Component/Console/Application->find()
#1 C:/Users/marco.antonio/Desktop/saas/shortener/backend/vendor/symfony/console/Application.php(195): Symfony/Component/Console/Application->doRun()
#2 C:/Users/marco.antonio/Desktop/saas/shortener/backend/vendor/laravel/framework/src/Illuminate/Foundation/Console/Kernel.php(198): Symfony/Component/Console/Application->run()
#3 C:/Users/marco.antonio/Desktop/saas/shortener/backend/vendor/laravel/framework/src/Illuminate/Foundation/Application.php(1235): Illuminate/Foundation/Console/Kernel->handle()
#4 C:/Users/marco.antonio/Desktop/saas/shortener/backend/artisan(13): Illuminate/Foundation/Application->handleCommand()
#5 {main}
"} 
